<?xml version="1.0" encoding="UTF-8"?>
<!-- Generated by org.testng.reporters.JUnitReportReporter -->
<testsuite hostname="aurora.local" name="net.jodah.concurrentunit.WaiterTest" tests="1" failures="0" timestamp="5 Jul 2015 02:57:46 GMT" time="0.012" errors="0">
  <testcase name="shouldSupportInterruptBeforeResume" time="0.012" classname="net.jodah.concurrentunit.WaiterTest"/>
</testsuite> <!-- net.jodah.concurrentunit.WaiterTest -->
