<?xml version="1.0" encoding="UTF-8"?>
<!-- Generated by org.testng.reporters.JUnitReportReporter -->
<testsuite hostname="aurora.local" name="net.jodah.concurrentunit.issues.Issue6" tests="1" failures="0" timestamp="11 Jun 2015 19:35:23 GMT" time="0.011" errors="0">
  <testcase name="uncaughtException" time="0.011" classname="net.jodah.concurrentunit.issues.Issue6"/>
</testsuite> <!-- net.jodah.concurrentunit.issues.Issue6 -->
