<?xml version="1.0" encoding="UTF-8"?>
<!-- Generated by org.testng.reporters.JUnitReportReporter -->
<testsuite hostname="aurora.local" name="net.jodah.concurrentunit.issues.Issue5" tests="2" failures="0" timestamp="11 Jun 2015 19:09:43 GMT" time="0.011" errors="0">
  <testcase name="testOne" time="0.011" classname="net.jodah.concurrentunit.issues.Issue5"/>
  <testcase name="testTwo" time="0.000" classname="net.jodah.concurrentunit.issues.Issue5"/>
</testsuite> <!-- net.jodah.concurrentunit.issues.Issue5 -->
