<?xml version="1.0" encoding="UTF-8"?>
<!-- Generated by org.testng.reporters.JUnitReportReporter -->
<testsuite hostname="aurora.local" name="net.jodah.concurrentunit.bugs.Issue5" tests="2" failures="0" timestamp="22 Apr 2015 17:12:47 GMT" time="0.012" errors="0">
  <testcase name="testOne" time="0.011" classname="net.jodah.concurrentunit.bugs.Issue5"/>
  <testcase name="testTwo" time="0.001" classname="net.jodah.concurrentunit.bugs.Issue5"/>
</testsuite> <!-- net.jodah.concurrentunit.bugs.Issue5 -->
