<?xml version="1.0" encoding="UTF-8"?>
<!-- Generated by org.testng.reporters.JUnitReportReporter -->
<testsuite hostname="aurora.local" name="net.jodah.concurrentunit.internal.ReentrantCircuitTest" tests="9" failures="0" timestamp="5 Jul 2015 06:15:35 GMT" time="2.135" errors="0">
  <testcase name="shouldHandleRepeatedOpens" time="0.000" classname="net.jodah.concurrentunit.internal.ReentrantCircuitTest"/>
  <testcase name="shouldHandleRepeatedClosed" time="0.007" classname="net.jodah.concurrentunit.internal.ReentrantCircuitTest"/>
  <testcase name="shouldHandleConcurrentWaiters" time="1.007" classname="net.jodah.concurrentunit.internal.ReentrantCircuitTest"/>
  <testcase name="shouldInitiallyBeClosed" time="0.000" classname="net.jodah.concurrentunit.internal.ReentrantCircuitTest"/>
  <testcase name="shouldHandleSequentialWaiters" time="0.506" classname="net.jodah.concurrentunit.internal.ReentrantCircuitTest"/>
  <testcase name="shouldHandleOpenCloseCycles" time="0.002" classname="net.jodah.concurrentunit.internal.ReentrantCircuitTest"/>
  <testcase name="shouldReturnWhenAwaitAndAlreadyClosed" time="0.000" classname="net.jodah.concurrentunit.internal.ReentrantCircuitTest"/>
  <testcase name="shouldInterruptWaiters" time="0.307" classname="net.jodah.concurrentunit.internal.ReentrantCircuitTest"/>
  <testcase name="shouldNotBlockOpenWhenSyncAcquired" time="0.306" classname="net.jodah.concurrentunit.internal.ReentrantCircuitTest"/>
</testsuite> <!-- net.jodah.concurrentunit.internal.ReentrantCircuitTest -->
